#
# There is insufficient memory for the Java Runtime Environment to continue.
# Native memory allocation (malloc) failed to allocate 131088 bytes for Chunk::new
# Possible reasons:
#   The system is out of physical RAM or swap space
#   The process is running with CompressedOops enabled, and the Java Heap may be blocking the growth of the native heap
# Possible solutions:
#   Reduce memory load on the system
#   Increase physical memory or swap space
#   Check if swap backing store is full
#   Decrease Java heap size (-Xmx/-Xms)
#   Decrease number of Java threads
#   Decrease Java thread stack sizes (-Xss)
#   Set larger code cache with -XX:ReservedCodeCacheSize=
#   JVM is running with Unscaled Compressed Oops mode in which the Java heap is
#     placed in the first 4GB address space. The Java Heap base address is the
#     maximum limit for the native heap growth. Please use -XX:HeapBaseMinAddress
#     to set the Java Heap base and to place the Java Heap above 4GB virtual address.
# This output file may be truncated or incomplete.
#
#  Out of Memory Error (allocation.cpp:389), pid=6416, tid=0x00000000000040c8
#
# JRE version: OpenJDK Runtime Environment (8.0_242-b01) (build 1.8.0_242-release-1644-b01)
# Java VM: OpenJDK 64-Bit Server VM (25.242-b01 mixed mode windows-amd64 compressed oops)
# Failed to write core dump. Minidumps are not enabled by default on client versions of Windows
#

---------------  T H R E A D  ---------------

Current thread (0x000000001767b000):  JavaThread "C2 CompilerThread0" daemon [_thread_in_native, id=16584, stack(0x0000000019d60000,0x0000000019e60000)]

Stack: [0x0000000019d60000,0x0000000019e60000]
[error occurred during error reporting (printing stack bounds), id 0xc0000005]

Native frames: (J=compiled Java code, j=interpreted, Vv=VM code, C=native code)


Current CompileTask:
C2:  91944 9588   !   4       java.io.ObjectOutputStream::writeObject0 (619 bytes)


---------------  P R O C E S S  ---------------

Java Threads: ( => current thread )
  0x000000001aabc000 JavaThread "Cache worker for execution history cache (W:\Android\A2P32\.gradle\6.1.1\executionHistory)" [_thread_blocked, id=5496, stack(0x0000000026e10000,0x0000000026f10000)]
  0x000000001aaba000 JavaThread "Build operations Thread 8" [_thread_blocked, id=8112, stack(0x00000000245f0000,0x00000000246f0000)]
  0x000000001aab8800 JavaThread "Build operations Thread 7" [_thread_blocked, id=14740, stack(0x00000000244f0000,0x00000000245f0000)]
  0x000000001aab9000 JavaThread "Build operations Thread 6" [_thread_blocked, id=9840, stack(0x00000000243f0000,0x00000000244f0000)]
  0x000000001aab7000 JavaThread "Build operations Thread 5" [_thread_blocked, id=14532, stack(0x00000000242f0000,0x00000000243f0000)]
  0x000000001aab4800 JavaThread "Build operations Thread 4" [_thread_blocked, id=5616, stack(0x00000000241f0000,0x00000000242f0000)]
  0x000000001aab5800 JavaThread "Build operations Thread 3" [_thread_blocked, id=10120, stack(0x00000000240f0000,0x00000000241f0000)]
  0x000000001aab1800 JavaThread "Build operations Thread 2" [_thread_blocked, id=5208, stack(0x0000000023ff0000,0x00000000240f0000)]
  0x000000001aab4000 JavaThread "Build operations" [_thread_blocked, id=17888, stack(0x0000000023ef0000,0x0000000023ff0000)]
  0x000000001aab7800 JavaThread "Cache worker for Build Output Cleanup Cache (W:\Android\A2P32\.gradle\buildOutputCleanup)" [_thread_blocked, id=20916, stack(0x0000000022770000,0x0000000022870000)]
  0x000000001b4a8000 JavaThread "Cache worker for execution history cache (C:\Users\manas\.gradle\caches\6.1.1\executionHistory)" [_thread_blocked, id=3760, stack(0x0000000021e70000,0x0000000021f70000)]
  0x000000001b4a2000 JavaThread "Cache worker for cache directory md-rule (C:\Users\manas\.gradle\caches\6.1.1\md-rule)" [_thread_blocked, id=18540, stack(0x0000000021d70000,0x0000000021e70000)]
  0x000000001b4a7000 JavaThread "Cache worker for cache directory md-supplier (C:\Users\manas\.gradle\caches\6.1.1\md-supplier)" [_thread_blocked, id=12064, stack(0x00000000209c0000,0x0000000020ac0000)]
  0x000000001b4a2800 JavaThread "Cache worker for file hash cache (W:\Android\A2P32\.gradle\6.1.1\fileHashes)" [_thread_blocked, id=5808, stack(0x00000000207b0000,0x00000000208b0000)]
  0x000000001b4a5800 JavaThread "Cache worker for checksums cache (W:\Android\A2P32\.gradle\checksums)" [_thread_blocked, id=21752, stack(0x00000000208c0000,0x00000000209c0000)]
  0x000000001b4a3800 JavaThread "Cache worker for file hash cache (C:\Users\manas\.gradle\caches\6.1.1\fileHashes)" [_thread_blocked, id=6736, stack(0x000000001e280000,0x000000001e380000)]
  0x000000001b4a8800 JavaThread "File lock request listener" [_thread_in_native, id=10156, stack(0x000000001e180000,0x000000001e280000)]
  0x000000001b643800 JavaThread "Cache worker for journal cache (C:\Users\manas\.gradle\caches\journal-1)" [_thread_blocked, id=20616, stack(0x000000001e080000,0x000000001e180000)]
  0x000000001bf09000 JavaThread "Thread-9" [_thread_blocked, id=20228, stack(0x000000001dd80000,0x000000001de80000)]
  0x000000001bf05800 JavaThread "Daemon worker" [_thread_in_vm, id=6180, stack(0x000000001d980000,0x000000001da80000)]
  0x000000001bf04800 JavaThread "Cancel handler" [_thread_blocked, id=6728, stack(0x000000001d880000,0x000000001d980000)]
  0x000000001bef5000 JavaThread "Handler for socket connection from /127.0.0.1:2107 to /127.0.0.1:2108" [_thread_blocked, id=11576, stack(0x000000001d580000,0x000000001d680000)]
  0x000000001beee000 JavaThread "Daemon" [_thread_blocked, id=14288, stack(0x000000001d480000,0x000000001d580000)]
  0x000000001bdd5000 JavaThread "Daemon periodic checks" [_thread_blocked, id=17904, stack(0x000000001d380000,0x000000001d480000)]
  0x000000001bdf4000 JavaThread "Incoming local TCP Connector on port 2107" [_thread_in_native, id=17068, stack(0x000000001d140000,0x000000001d240000)]
  0x000000001bdc2800 JavaThread "Daemon health stats" [_thread_blocked, id=16672, stack(0x000000001cb00000,0x000000001cc00000)]
  0x0000000019534000 JavaThread "Service Thread" daemon [_thread_blocked, id=18496, stack(0x000000001a160000,0x000000001a260000)]
  0x00000000194a0800 JavaThread "C1 CompilerThread3" daemon [_thread_in_vm, id=6544, stack(0x000000001a060000,0x000000001a160000)]
  0x0000000019499000 JavaThread "C2 CompilerThread2" daemon [_thread_blocked, id=2404, stack(0x0000000019f60000,0x000000001a060000)]
  0x000000001767d800 JavaThread "C2 CompilerThread1" daemon [_thread_blocked, id=21240, stack(0x0000000019e60000,0x0000000019f60000)]
=>0x000000001767b000 JavaThread "C2 CompilerThread0" daemon [_thread_in_native, id=16584, stack(0x0000000019d60000,0x0000000019e60000)]
  0x0000000019494800 JavaThread "Attach Listener" daemon [_thread_blocked, id=23080, stack(0x0000000019c60000,0x0000000019d60000)]
  0x0000000019493800 JavaThread "Signal Dispatcher" daemon [_thread_blocked, id=18400, stack(0x0000000019b60000,0x0000000019c60000)]
  0x00000000025fe000 JavaThread "Finalizer" daemon [_thread_blocked, id=16148, stack(0x0000000019960000,0x0000000019a60000)]
  0x00000000025f5000 JavaThread "Reference Handler" daemon [_thread_blocked, id=18864, stack(0x0000000019860000,0x0000000019960000)]
  0x00000000024fe000 JavaThread "main" [_thread_blocked, id=19872, stack(0x0000000002310000,0x0000000002410000)]

Other Threads:
  0x0000000017668800 VMThread [stack: 0x0000000019360000,0x0000000019460000] [id=19784]
  0x0000000019536000 WatcherThread [stack: 0x000000001a260000,0x000000001a360000] [id=19544]

VM state:not at safepoint (normal execution)

VM Mutex/Monitor currently owned by a thread: None

heap address: 0x0000000080000000, size: 2048 MB, Compressed Oops mode: 32-bit
Narrow klass base: 0x0000000000000000, Narrow klass shift: 3
Compressed class space size: 1073741824 Address: 0x0000000100000000

Heap:
 PSYoungGen      total 264192K, used 238526K [0x00000000d5580000, 0x00000000e8080000, 0x0000000100000000)
  eden space 245248K, 89% used [0x00000000d5580000,0x00000000e2c4ca38,0x00000000e4500000)
  from space 18944K, 98% used [0x00000000e6e00000,0x00000000e8022e80,0x00000000e8080000)
  to   space 20992K, 0% used [0x00000000e5780000,0x00000000e5780000,0x00000000e6c00000)
 ParOldGen       total 255488K, used 30263K [0x0000000080000000, 0x000000008f980000, 0x00000000d5580000)
  object space 255488K, 11% used [0x0000000080000000,0x0000000081d8df90,0x000000008f980000)
 Metaspace       used 77652K, capacity 81426K, committed 81560K, reserved 1120256K
  class space    used 10572K, capacity 11357K, committed 11432K, reserved 1048576K

Card table byte_map: [0x00000000119c0000,0x0000000011dd0000] byte_map_base: 0x00000000115c0000

Marking Bits: (ParMarkBitMap*) 0x00000000708cf030
 Begin Bits: [0x0000000012880000, 0x0000000014880000)
 End Bits:   [0x0000000014880000, 0x0000000016880000)

Polling page: 0x0000000002220000

CodeCache: size=245760Kb used=26506Kb max_used=26575Kb free=219253Kb
 bounds [0x0000000002600000, 0x0000000004020000, 0x0000000011600000]
 total_blobs=9080 nmethods=8225 adapters=767
 compilation: enabled

Compilation events (10 events):
Event: 91.878 Thread 0x00000000194a0800 9586       3       java.lang.invoke.MethodHandle::bindTo (19 bytes)
Event: 91.879 Thread 0x00000000194a0800 nmethod 9586 0x000000000357ae90 code [0x000000000357b060, 0x000000000357b8c8]
Event: 91.883 Thread 0x00000000194a0800 9591   !   3       sun.reflect.GeneratedMethodAccessor21::invoke (66 bytes)
Event: 91.885 Thread 0x00000000194a0800 nmethod 9591 0x00000000039cd7d0 code [0x00000000039cd9e0, 0x00000000039ce418]
Event: 91.885 Thread 0x00000000194a0800 9590   !   3       java.security.MessageDigest::getInstance (137 bytes)
Event: 91.891 Thread 0x00000000194a0800 nmethod 9590 0x0000000003e1c710 code [0x0000000003e1c980, 0x0000000003e1dcf8]
Event: 91.922 Thread 0x00000000194a0800 9592       3       java.lang.invoke.MethodHandle::bindArgumentL (10 bytes)
Event: 91.923 Thread 0x00000000194a0800 nmethod 9592 0x0000000003ea0e90 code [0x0000000003ea1040, 0x0000000003ea16c8]
Event: 91.923 Thread 0x00000000194a0800 9593       3       java.lang.invoke.BoundMethodHandle::bindArgumentL (11 bytes)
Event: 91.924 Thread 0x00000000194a0800 nmethod 9593 0x00000000039ccd90 code [0x00000000039ccf40, 0x00000000039cd438]

GC Heap History (10 events):
Event: 9.830 GC heap before
{Heap before GC invocations=9 (full 2):
 PSYoungGen      total 147456K, used 135168K [0x00000000d5580000, 0x00000000dff80000, 0x0000000100000000)
  eden space 135168K, 100% used [0x00000000d5580000,0x00000000dd980000,0x00000000dd980000)
  from space 12288K, 0% used [0x00000000de580000,0x00000000de580000,0x00000000df180000)
  to   space 12288K, 0% used [0x00000000dd980000,0x00000000dd980000,0x00000000de580000)
 ParOldGen       total 180736K, used 15202K [0x0000000080000000, 0x000000008b080000, 0x00000000d5580000)
  object space 180736K, 8% used [0x0000000080000000,0x0000000080ed8b68,0x000000008b080000)
 Metaspace       used 44107K, capacity 45688K, committed 45864K, reserved 1089536K
  class space    used 6003K, capacity 6391K, committed 6440K, reserved 1048576K
Event: 9.844 GC heap after
Heap after GC invocations=9 (full 2):
 PSYoungGen      total 147456K, used 12287K [0x00000000d5580000, 0x00000000e3680000, 0x0000000100000000)
  eden space 135168K, 0% used [0x00000000d5580000,0x00000000d5580000,0x00000000dd980000)
  from space 12288K, 99% used [0x00000000dd980000,0x00000000de57fc00,0x00000000de580000)
  to   space 13312K, 0% used [0x00000000e2980000,0x00000000e2980000,0x00000000e3680000)
 ParOldGen       total 180736K, used 15526K [0x0000000080000000, 0x000000008b080000, 0x00000000d5580000)
  object space 180736K, 8% used [0x0000000080000000,0x0000000080f299d8,0x000000008b080000)
 Metaspace       used 44107K, capacity 45688K, committed 45864K, reserved 1089536K
  class space    used 6003K, capacity 6391K, committed 6440K, reserved 1048576K
}
Event: 11.263 GC heap before
{Heap before GC invocations=10 (full 2):
 PSYoungGen      total 147456K, used 147455K [0x00000000d5580000, 0x00000000e3680000, 0x0000000100000000)
  eden space 135168K, 100% used [0x00000000d5580000,0x00000000dd980000,0x00000000dd980000)
  from space 12288K, 99% used [0x00000000dd980000,0x00000000de57fc00,0x00000000de580000)
  to   space 13312K, 0% used [0x00000000e2980000,0x00000000e2980000,0x00000000e3680000)
 ParOldGen       total 180736K, used 15526K [0x0000000080000000, 0x000000008b080000, 0x00000000d5580000)
  object space 180736K, 8% used [0x0000000080000000,0x0000000080f299d8,0x000000008b080000)
 Metaspace       used 55019K, capacity 57108K, committed 57128K, reserved 1097728K
  class space    used 7502K, capacity 7962K, committed 7976K, reserved 1048576K
Event: 11.282 GC heap after
Heap after GC invocations=10 (full 2):
 PSYoungGen      total 212480K, used 13292K [0x00000000d5580000, 0x00000000e3c80000, 0x0000000100000000)
  eden space 199168K, 0% used [0x00000000d5580000,0x00000000d5580000,0x00000000e1800000)
  from space 13312K, 99% used [0x00000000e2980000,0x00000000e367b330,0x00000000e3680000)
  to   space 17920K, 0% used [0x00000000e1800000,0x00000000e1800000,0x00000000e2980000)
 ParOldGen       total 180736K, used 23504K [0x0000000080000000, 0x000000008b080000, 0x00000000d5580000)
  object space 180736K, 13% used [0x0000000080000000,0x00000000816f41a0,0x000000008b080000)
 Metaspace       used 55019K, capacity 57108K, committed 57128K, reserved 1097728K
  class space    used 7502K, capacity 7962K, committed 7976K, reserved 1048576K
}
Event: 11.538 GC heap before
{Heap before GC invocations=11 (full 2):
 PSYoungGen      total 212480K, used 40055K [0x00000000d5580000, 0x00000000e3c80000, 0x0000000100000000)
  eden space 199168K, 13% used [0x00000000d5580000,0x00000000d6fa2b90,0x00000000e1800000)
  from space 13312K, 99% used [0x00000000e2980000,0x00000000e367b330,0x00000000e3680000)
  to   space 17920K, 0% used [0x00000000e1800000,0x00000000e1800000,0x00000000e2980000)
 ParOldGen       total 180736K, used 23504K [0x0000000080000000, 0x000000008b080000, 0x00000000d5580000)
  object space 180736K, 13% used [0x0000000080000000,0x00000000816f41a0,0x000000008b080000)
 Metaspace       used 56701K, capacity 58928K, committed 59160K, reserved 1099776K
  class space    used 7756K, capacity 8216K, committed 8232K, reserved 1048576K
Event: 11.551 GC heap after
Heap after GC invocations=11 (full 2):
 PSYoungGen      total 217088K, used 15334K [0x00000000d5580000, 0x00000000e8080000, 0x0000000100000000)
  eden space 199168K, 0% used [0x00000000d5580000,0x00000000d5580000,0x00000000e1800000)
  from space 17920K, 85% used [0x00000000e1800000,0x00000000e26f9908,0x00000000e2980000)
  to   space 18944K, 0% used [0x00000000e6e00000,0x00000000e6e00000,0x00000000e8080000)
 ParOldGen       total 180736K, used 23512K [0x0000000080000000, 0x000000008b080000, 0x00000000d5580000)
  object space 180736K, 13% used [0x0000000080000000,0x00000000816f61a0,0x000000008b080000)
 Metaspace       used 56701K, capacity 58928K, committed 59160K, reserved 1099776K
  class space    used 7756K, capacity 8216K, committed 8232K, reserved 1048576K
}
Event: 11.551 GC heap before
{Heap before GC invocations=12 (full 3):
 PSYoungGen      total 217088K, used 15334K [0x00000000d5580000, 0x00000000e8080000, 0x0000000100000000)
  eden space 199168K, 0% used [0x00000000d5580000,0x00000000d5580000,0x00000000e1800000)
  from space 17920K, 85% used [0x00000000e1800000,0x00000000e26f9908,0x00000000e2980000)
  to   space 18944K, 0% used [0x00000000e6e00000,0x00000000e6e00000,0x00000000e8080000)
 ParOldGen       total 180736K, used 23512K [0x0000000080000000, 0x000000008b080000, 0x00000000d5580000)
  object space 180736K, 13% used [0x0000000080000000,0x00000000816f61a0,0x000000008b080000)
 Metaspace       used 56701K, capacity 58928K, committed 59160K, reserved 1099776K
  class space    used 7756K, capacity 8216K, committed 8232K, reserved 1048576K
Event: 11.769 GC heap after
Heap after GC invocations=12 (full 3):
 PSYoungGen      total 217088K, used 0K [0x00000000d5580000, 0x00000000e8080000, 0x0000000100000000)
  eden space 199168K, 0% used [0x00000000d5580000,0x00000000d5580000,0x00000000e1800000)
  from space 17920K, 0% used [0x00000000e1800000,0x00000000e1800000,0x00000000e2980000)
  to   space 18944K, 0% used [0x00000000e6e00000,0x00000000e6e00000,0x00000000e8080000)
 ParOldGen       total 255488K, used 30255K [0x0000000080000000, 0x000000008f980000, 0x00000000d5580000)
  object space 255488K, 11% used [0x0000000080000000,0x0000000081d8bf90,0x000000008f980000)
 Metaspace       used 56656K, capacity 58784K, committed 59160K, reserved 1099776K
  class space    used 7743K, capacity 8192K, committed 8232K, reserved 1048576K
}
