#
# There is insufficient memory for the Java Runtime Environment to continue.
# Native memory allocation (malloc) failed to allocate 562256 bytes for Chunk::new
# Possible reasons:
#   The system is out of physical RAM or swap space
#   The process is running with CompressedOops enabled, and the Java Heap may be blocking the growth of the native heap
# Possible solutions:
#   Reduce memory load on the system
#   Increase physical memory or swap space
#   Check if swap backing store is full
#   Decrease Java heap size (-Xmx/-Xms)
#   Decrease number of Java threads
#   Decrease Java thread stack sizes (-Xss)
#   Set larger code cache with -XX:ReservedCodeCacheSize=
#   JVM is running with Unscaled Compressed Oops mode in which the Java heap is
#     placed in the first 4GB address space. The Java Heap base address is the
#     maximum limit for the native heap growth. Please use -XX:HeapBaseMinAddress
#     to set the Java Heap base and to place the Java Heap above 4GB virtual address.
# This output file may be truncated or incomplete.
#
#  Out of Memory Error (allocation.cpp:389), pid=9664, tid=0x000000000000080c
#
# JRE version: OpenJDK Runtime Environment (8.0_242-b01) (build 1.8.0_242-release-1644-b01)
# Java VM: OpenJDK 64-Bit Server VM (25.242-b01 mixed mode windows-amd64 compressed oops)
# Failed to write core dump. Minidumps are not enabled by default on client versions of Windows
#

---------------  T H R E A D  ---------------

Current thread (0x0000000017bcb000):  JavaThread "C2 CompilerThread0" daemon [_thread_in_native, id=2060, stack(0x000000001a2b0000,0x000000001a3b0000)]

Stack: [0x000000001a2b0000,0x000000001a3b0000]
[error occurred during error reporting (printing stack bounds), id 0xc0000005]

Native frames: (J=compiled Java code, j=interpreted, Vv=VM code, C=native code)


Current CompileTask:
C2:  78075 17947       4       com.android.tools.r8.ir.optimize.o::b (433 bytes)


---------------  P R O C E S S  ---------------

Java Threads: ( => current thread )
  0x000000002d444000 JavaThread "WorkerExecutor Queue Thread 7" [_thread_blocked, id=10564, stack(0x000000002f350000,0x000000002f450000)]
  0x000000002d43c800 JavaThread "WorkerExecutor Queue Thread 6" [_thread_blocked, id=5668, stack(0x000000002f250000,0x000000002f350000)]
  0x000000002d43f800 JavaThread "WorkerExecutor Queue Thread 5" [_thread_blocked, id=18708, stack(0x000000002f150000,0x000000002f250000)]
  0x000000002d43e800 JavaThread "WorkerExecutor Queue Thread 4" [_thread_blocked, id=1668, stack(0x000000002b360000,0x000000002b460000)]
  0x000000002d441000 JavaThread "WorkerExecutor Queue Thread 3" [_thread_blocked, id=19200, stack(0x000000002f520000,0x000000002f620000)]
  0x000000002d43e000 JavaThread "Cache worker for Java compile cache (W:\Android\A2P32\.gradle\6.1.1\javaCompile)" [_thread_blocked, id=16320, stack(0x000000002ec40000,0x000000002ed40000)]
  0x000000002d440000 JavaThread "Cache worker for Java compile cache (C:\Users\manas\.gradle\caches\6.1.1\javaCompile)" [_thread_blocked, id=1096, stack(0x000000002c610000,0x000000002c710000)]
  0x000000001fc6e800 JavaThread "WorkerExecutor Queue" [_thread_blocked, id=23084, stack(0x000000002b540000,0x000000002b640000)]
  0x000000001f561800 JavaThread "stdout" [_thread_in_native, id=17432, stack(0x000000002ab60000,0x000000002ac60000)]
  0x000000001f561000 JavaThread "stderr" [_thread_in_native, id=17012, stack(0x000000002aa60000,0x000000002ab60000)]
  0x000000001f55d000 JavaThread "stdout" [_thread_in_native, id=6788, stack(0x000000002a760000,0x000000002a860000)]
  0x000000001f560000 JavaThread "stderr" [_thread_in_native, id=23576, stack(0x000000002a660000,0x000000002a760000)]
  0x000000001f555800 JavaThread "stdout" [_thread_in_native, id=23580, stack(0x000000002a560000,0x000000002a660000)]
  0x000000001f55c800 JavaThread "stderr" [_thread_in_native, id=12632, stack(0x000000002a460000,0x000000002a560000)]
  0x000000001f55b800 JavaThread "stdout" [_thread_in_native, id=6344, stack(0x000000002a360000,0x000000002a460000)]
  0x000000001f55b000 JavaThread "stderr" [_thread_in_native, id=17376, stack(0x000000002a160000,0x000000002a260000)]
  0x000000001f553800 JavaThread "pool-7-thread-1" [_thread_blocked, id=18152, stack(0x000000002a260000,0x000000002a360000)]
  0x000000001f55a000 JavaThread "Cache worker for execution history cache (W:\Android\A2P32\.gradle\6.1.1\executionHistory)" [_thread_blocked, id=19408, stack(0x0000000029a60000,0x0000000029b60000)]
  0x000000001f554000 JavaThread "Execution worker for ':' Thread 7" [_thread_blocked, id=4792, stack(0x0000000029960000,0x0000000029a60000)]
  0x000000001f556800 JavaThread "Execution worker for ':' Thread 6" [_thread_blocked, id=14228, stack(0x0000000029860000,0x0000000029960000)]
  0x000000001f557000 JavaThread "Execution worker for ':' Thread 5" [_thread_blocked, id=9372, stack(0x0000000029760000,0x0000000029860000)]
  0x000000001f559800 JavaThread "Execution worker for ':' Thread 4" [_thread_blocked, id=17304, stack(0x0000000029660000,0x0000000029760000)]
  0x000000001f555000 JavaThread "Execution worker for ':' Thread 3" [_thread_blocked, id=1608, stack(0x0000000029560000,0x0000000029660000)]
  0x000000001c5b5800 JavaThread "Execution worker for ':' Thread 2" [_thread_in_Java, id=23380, stack(0x0000000029460000,0x0000000029560000)]
  0x000000001c5b7800 JavaThread "Execution worker for ':'" [_thread_in_native, id=9232, stack(0x0000000029360000,0x0000000029460000)]
  0x000000001f3c7000 JavaThread "Cache worker for file content cache (W:\Android\A2P32\.gradle\6.1.1\fileContent)" [_thread_blocked, id=17272, stack(0x0000000027390000,0x0000000027490000)]
  0x000000001f3c3800 JavaThread "Cache worker for file content cache (C:\Users\manas\.gradle\caches\6.1.1\fileContent)" [_thread_blocked, id=23784, stack(0x0000000000ed0000,0x0000000000fd0000)]
  0x000000001f3c5800 JavaThread "Memory manager" [_thread_blocked, id=10312, stack(0x0000000000cd0000,0x0000000000dd0000)]
  0x000000001fc77000 JavaThread "Cache worker for Build Output Cleanup Cache (W:\Android\A2P32\.gradle\buildOutputCleanup)" [_thread_blocked, id=2696, stack(0x0000000027020000,0x0000000027120000)]
  0x000000001fc75800 JavaThread "Build operations Thread 8" [_thread_blocked, id=12164, stack(0x0000000026ae0000,0x0000000026be0000)]
  0x000000001fc74800 JavaThread "Build operations Thread 7" [_thread_blocked, id=16076, stack(0x0000000025b10000,0x0000000025c10000)]
  0x000000001fc76000 JavaThread "Build operations Thread 6" [_thread_blocked, id=2344, stack(0x0000000025a10000,0x0000000025b10000)]
  0x000000001fc73000 JavaThread "Build operations Thread 5" [_thread_blocked, id=15904, stack(0x0000000025910000,0x0000000025a10000)]
  0x000000001fc6b800 JavaThread "Build operations Thread 4" [_thread_blocked, id=20256, stack(0x00000000247e0000,0x00000000248e0000)]
  0x000000001fc72800 JavaThread "Build operations Thread 3" [_thread_blocked, id=16352, stack(0x00000000246e0000,0x00000000247e0000)]
  0x000000001fc6b000 JavaThread "Build operations Thread 2" [_thread_blocked, id=22056, stack(0x00000000245e0000,0x00000000246e0000)]
  0x000000001fc71800 JavaThread "Build operations" [_thread_blocked, id=16640, stack(0x00000000244e0000,0x00000000245e0000)]
  0x000000001fc6c800 JavaThread "Cache worker for cache directory md-rule (C:\Users\manas\.gradle\caches\6.1.1\md-rule)" [_thread_blocked, id=14008, stack(0x0000000024110000,0x0000000024210000)]
  0x000000001fc71000 JavaThread "Cache worker for cache directory md-supplier (C:\Users\manas\.gradle\caches\6.1.1\md-supplier)" [_thread_blocked, id=24448, stack(0x0000000021470000,0x0000000021570000)]
  0x000000001fc69800 JavaThread "Cache worker for file hash cache (W:\Android\A2P32\.gradle\6.1.1\fileHashes)" [_thread_blocked, id=16316, stack(0x0000000021370000,0x0000000021470000)]
  0x000000001fc70000 JavaThread "Cache worker for checksums cache (W:\Android\A2P32\.gradle\checksums)" [_thread_blocked, id=13644, stack(0x0000000021270000,0x0000000021370000)]
  0x000000001fc6a000 JavaThread "Thread-38" [_thread_blocked, id=23936, stack(0x0000000021170000,0x0000000021270000)]
  0x000000001fc6d000 JavaThread "Stdin handler" [_thread_blocked, id=812, stack(0x0000000020d70000,0x0000000020e70000)]
  0x000000001fc68800 JavaThread "Asynchronous log dispatcher for DefaultDaemonConnection: socket connection from /127.0.0.1:2198 to /127.0.0.1:2217" [_thread_blocked, id=10948, stack(0x0000000020c70000,0x0000000020d70000)]
  0x000000001fc6f800 JavaThread "Cancel handler" [_thread_blocked, id=20644, stack(0x000000001dfd0000,0x000000001e0d0000)]
  0x000000001fc6e000 JavaThread "Handler for socket connection from /127.0.0.1:2198 to /127.0.0.1:2217" [_thread_in_native, id=3188, stack(0x000000001ddd0000,0x000000001ded0000)]
  0x000000001f3c1000 JavaThread "Cache worker for execution history cache (C:\Users\manas\.gradle\caches\6.1.1\executionHistory)" [_thread_blocked, id=10336, stack(0x0000000020e70000,0x0000000020f70000)]
  0x000000001c5b4800 JavaThread "Cache worker for file hash cache (C:\Users\manas\.gradle\caches\6.1.1\fileHashes)" [_thread_blocked, id=21844, stack(0x000000001e7d0000,0x000000001e8d0000)]
  0x000000001c5b6000 JavaThread "File lock request listener" [_thread_in_native, id=21520, stack(0x000000001e6d0000,0x000000001e7d0000)]
  0x000000001c8b3800 JavaThread "Cache worker for journal cache (C:\Users\manas\.gradle\caches\journal-1)" [_thread_blocked, id=18232, stack(0x000000001e5d0000,0x000000001e6d0000)]
  0x000000001c5ac800 JavaThread "Daemon worker" [_thread_blocked, id=18672, stack(0x000000001ded0000,0x000000001dfd0000)]
  0x000000001c07a000 JavaThread "Daemon" [_thread_blocked, id=23224, stack(0x000000001d9d0000,0x000000001dad0000)]
  0x000000001c5ff800 JavaThread "Daemon periodic checks" [_thread_blocked, id=21340, stack(0x000000001d8d0000,0x000000001d9d0000)]
  0x000000001c563000 JavaThread "Incoming local TCP Connector on port 2198" [_thread_in_native, id=7716, stack(0x000000001d690000,0x000000001d790000)]
  0x000000001c64e800 JavaThread "Daemon health stats" [_thread_blocked, id=18600, stack(0x000000001d050000,0x000000001d150000)]
  0x0000000019a86800 JavaThread "Service Thread" daemon [_thread_blocked, id=10684, stack(0x000000001a6b0000,0x000000001a7b0000)]
  0x00000000199ed000 JavaThread "C1 CompilerThread3" daemon [_thread_blocked, id=2312, stack(0x000000001a5b0000,0x000000001a6b0000)]
  0x00000000199e9000 JavaThread "C2 CompilerThread2" daemon [_thread_in_native, id=7216, stack(0x000000001a4b0000,0x000000001a5b0000)]
  0x0000000017bcd800 JavaThread "C2 CompilerThread1" daemon [_thread_in_native, id=11624, stack(0x000000001a3b0000,0x000000001a4b0000)]
=>0x0000000017bcb000 JavaThread "C2 CompilerThread0" daemon [_thread_in_native, id=2060, stack(0x000000001a2b0000,0x000000001a3b0000)]
  0x00000000199e4800 JavaThread "Attach Listener" daemon [_thread_blocked, id=24216, stack(0x000000001a1b0000,0x000000001a2b0000)]
  0x00000000199e3800 JavaThread "Signal Dispatcher" daemon [_thread_blocked, id=17744, stack(0x000000001a0b0000,0x000000001a1b0000)]
  0x0000000002b4e000 JavaThread "Finalizer" daemon [_thread_blocked, id=8136, stack(0x0000000019eb0000,0x0000000019fb0000)]
  0x0000000002b45000 JavaThread "Reference Handler" daemon [_thread_blocked, id=16932, stack(0x0000000019db0000,0x0000000019eb0000)]
  0x00000000029ce000 JavaThread "main" [_thread_blocked, id=2208, stack(0x00000000028a0000,0x00000000029a0000)]

Other Threads:
  0x0000000017bb8800 VMThread [stack: 0x00000000198b0000,0x00000000199b0000] [id=6952]
  0x0000000019a88800 WatcherThread [stack: 0x000000001a7b0000,0x000000001a8b0000] [id=23412]

VM state:not at safepoint (normal execution)

VM Mutex/Monitor currently owned by a thread: None

heap address: 0x0000000080000000, size: 2048 MB, Compressed Oops mode: 32-bit
Narrow klass base: 0x0000000000000000, Narrow klass shift: 3
Compressed class space size: 1073741824 Address: 0x0000000100000000

Heap:
 PSYoungGen      total 457216K, used 403265K [0x00000000d5580000, 0x00000000f8300000, 0x0000000100000000)
  eden space 414208K, 96% used [0x00000000d5580000,0x00000000edbc0de0,0x00000000eea00000)
  from space 43008K, 8% used [0x00000000f0f00000,0x00000000f128f6f0,0x00000000f3900000)
  to   space 37888K, 0% used [0x00000000eea00000,0x00000000eea00000,0x00000000f0f00000)
 ParOldGen       total 290304K, used 110870K [0x0000000080000000, 0x0000000091b80000, 0x00000000d5580000)
  object space 290304K, 38% used [0x0000000080000000,0x0000000086c45880,0x0000000091b80000)
 Metaspace       used 101607K, capacity 106278K, committed 107944K, reserved 1142784K
  class space    used 13386K, capacity 14325K, committed 14760K, reserved 1048576K

Card table byte_map: [0x0000000011f10000,0x0000000012320000] byte_map_base: 0x0000000011b10000

Marking Bits: (ParMarkBitMap*) 0x00000000708cf030
 Begin Bits: [0x0000000012dd0000, 0x0000000014dd0000)
 End Bits:   [0x0000000014dd0000, 0x0000000016dd0000)

Polling page: 0x0000000001030000

CodeCache: size=245760Kb used=47290Kb max_used=48481Kb free=198469Kb
 bounds [0x0000000002b50000, 0x0000000005b00000, 0x0000000011b50000]
 total_blobs=15833 nmethods=14908 adapters=835
 compilation: enabled

Compilation events (10 events):
Event: 78.069 Thread 0x00000000199ed000 nmethod 17986 0x0000000004c4f8d0 code [0x0000000004c4fa60, 0x0000000004c4fd08]
Event: 78.070 Thread 0x00000000199ed000 17987       2       java.util.jar.Attributes::entrySet (10 bytes)
Event: 78.070 Thread 0x00000000199ed000 nmethod 17987 0x0000000004bc9250 code [0x0000000004bc93c0, 0x0000000004bc9548]
Event: 78.070 Thread 0x00000000199ed000 17988       2       java.util.Base64::getMimeDecoder (4 bytes)
Event: 78.070 Thread 0x00000000199ed000 nmethod 17988 0x0000000004e1b490 code [0x0000000004e1b5e0, 0x0000000004e1b710]
Event: 78.071 Thread 0x00000000199ed000 17989       2       java.util.Base64$Decoder::decode (12 bytes)
Event: 78.071 Thread 0x00000000199ed000 nmethod 17989 0x0000000004b9d7d0 code [0x0000000004b9d960, 0x0000000004b9dd58]
Event: 78.071 Thread 0x00000000199ed000 17990       2       sun.nio.cs.ISO_8859_1$Encoder::encode (145 bytes)
Event: 78.072 Thread 0x00000000199ed000 nmethod 17990 0x0000000004dd5190 code [0x0000000004dd5300, 0x0000000004dd5708]
Event: 78.073 Thread 0x00000000199ed000 17991       2       sun.security.util.ManifestEntryVerifier$SunProviderHolder::access$000 (4 bytes)

GC Heap History (10 events):
Event: 71.440 GC heap before
{Heap before GC invocations=22 (full 4):
 PSYoungGen      total 452096K, used 416384K [0x00000000d5580000, 0x00000000f3a80000, 0x0000000100000000)
  eden space 408576K, 100% used [0x00000000d5580000,0x00000000ee480000,0x00000000ee480000)
  from space 43520K, 17% used [0x00000000ee480000,0x00000000eec20000,0x00000000f0f00000)
  to   space 43008K, 0% used [0x00000000f0f00000,0x00000000f0f00000,0x00000000f3900000)
 ParOldGen       total 290304K, used 82679K [0x0000000080000000, 0x0000000091b80000, 0x00000000d5580000)
  object space 290304K, 28% used [0x0000000080000000,0x00000000850bde90,0x0000000091b80000)
 Metaspace       used 93267K, capacity 97606K, committed 99752K, reserved 1134592K
  class space    used 12324K, capacity 13209K, committed 13736K, reserved 1048576K
Event: 71.461 GC heap after
Heap after GC invocations=22 (full 4):
 PSYoungGen      total 451584K, used 3824K [0x00000000d5580000, 0x00000000f3a80000, 0x0000000100000000)
  eden space 408576K, 0% used [0x00000000d5580000,0x00000000d5580000,0x00000000ee480000)
  from space 43008K, 8% used [0x00000000f0f00000,0x00000000f12bc168,0x00000000f3900000)
  to   space 43520K, 0% used [0x00000000ee480000,0x00000000ee480000,0x00000000f0f00000)
 ParOldGen       total 290304K, used 88619K [0x0000000080000000, 0x0000000091b80000, 0x00000000d5580000)
  object space 290304K, 30% used [0x0000000080000000,0x000000008568afe0,0x0000000091b80000)
 Metaspace       used 93267K, capacity 97606K, committed 99752K, reserved 1134592K
  class space    used 12324K, capacity 13209K, committed 13736K, reserved 1048576K
}
Event: 72.473 GC heap before
{Heap before GC invocations=23 (full 4):
 PSYoungGen      total 451584K, used 412400K [0x00000000d5580000, 0x00000000f3a80000, 0x0000000100000000)
  eden space 408576K, 100% used [0x00000000d5580000,0x00000000ee480000,0x00000000ee480000)
  from space 43008K, 8% used [0x00000000f0f00000,0x00000000f12bc168,0x00000000f3900000)
  to   space 43520K, 0% used [0x00000000ee480000,0x00000000ee480000,0x00000000f0f00000)
 ParOldGen       total 290304K, used 88619K [0x0000000080000000, 0x0000000091b80000, 0x00000000d5580000)
  object space 290304K, 30% used [0x0000000080000000,0x000000008568afe0,0x0000000091b80000)
 Metaspace       used 93873K, capacity 98252K, committed 100520K, reserved 1136640K
  class space    used 12384K, capacity 13248K, committed 13736K, reserved 1048576K
Event: 72.485 GC heap after
Heap after GC invocations=23 (full 4):
 PSYoungGen      total 452096K, used 3323K [0x00000000d5580000, 0x00000000f3a80000, 0x0000000100000000)
  eden space 408576K, 0% used [0x00000000d5580000,0x00000000d5580000,0x00000000ee480000)
  from space 43520K, 7% used [0x00000000ee480000,0x00000000ee7bef28,0x00000000f0f00000)
  to   space 43008K, 0% used [0x00000000f0f00000,0x00000000f0f00000,0x00000000f3900000)
 ParOldGen       total 290304K, used 91919K [0x0000000080000000, 0x0000000091b80000, 0x00000000d5580000)
  object space 290304K, 31% used [0x0000000080000000,0x00000000859c3f58,0x0000000091b80000)
 Metaspace       used 93873K, capacity 98252K, committed 100520K, reserved 1136640K
  class space    used 12384K, capacity 13248K, committed 13736K, reserved 1048576K
}
Event: 74.821 GC heap before
{Heap before GC invocations=24 (full 4):
 PSYoungGen      total 452096K, used 411899K [0x00000000d5580000, 0x00000000f3a80000, 0x0000000100000000)
  eden space 408576K, 100% used [0x00000000d5580000,0x00000000ee480000,0x00000000ee480000)
  from space 43520K, 7% used [0x00000000ee480000,0x00000000ee7bef28,0x00000000f0f00000)
  to   space 43008K, 0% used [0x00000000f0f00000,0x00000000f0f00000,0x00000000f3900000)
 ParOldGen       total 290304K, used 91919K [0x0000000080000000, 0x0000000091b80000, 0x00000000d5580000)
  object space 290304K, 31% used [0x0000000080000000,0x00000000859c3f58,0x0000000091b80000)
 Metaspace       used 99594K, capacity 104008K, committed 105896K, reserved 1140736K
  class space    used 13113K, capacity 14026K, committed 14504K, reserved 1048576K
Event: 74.869 GC heap after
Heap after GC invocations=24 (full 4):
 PSYoungGen      total 451584K, used 16970K [0x00000000d5580000, 0x00000000f3a80000, 0x0000000100000000)
  eden space 408576K, 0% used [0x00000000d5580000,0x00000000d5580000,0x00000000ee480000)
  from space 43008K, 39% used [0x00000000f0f00000,0x00000000f1f92b00,0x00000000f3900000)
  to   space 43520K, 0% used [0x00000000ee480000,0x00000000ee480000,0x00000000f0f00000)
 ParOldGen       total 290304K, used 94100K [0x0000000080000000, 0x0000000091b80000, 0x00000000d5580000)
  object space 290304K, 32% used [0x0000000080000000,0x0000000085be51b8,0x0000000091b80000)
 Metaspace       used 99594K, capacity 104008K, committed 105896K, reserved 1140736K
  class space    used 13113K, capacity 14026K, committed 14504K, reserved 1048576K
}
Event: 75.758 GC heap before
{Heap before GC invocations=25 (full 4):
 PSYoungGen      total 451584K, used 425546K [0x00000000d5580000, 0x00000000f3a80000, 0x0000000100000000)
  eden space 408576K, 100% used [0x00000000d5580000,0x00000000ee480000,0x00000000ee480000)
  from space 43008K, 39% used [0x00000000f0f00000,0x00000000f1f92b00,0x00000000f3900000)
  to   space 43520K, 0% used [0x00000000ee480000,0x00000000ee480000,0x00000000f0f00000)
 ParOldGen       total 290304K, used 94100K [0x0000000080000000, 0x0000000091b80000, 0x00000000d5580000)
  object space 290304K, 32% used [0x0000000080000000,0x0000000085be51b8,0x0000000091b80000)
 Metaspace       used 100134K, capacity 104590K, committed 106408K, reserved 1140736K
  class space    used 13168K, capacity 14085K, committed 14504K, reserved 1048576K
Event: 75.802 GC heap after
Heap after GC invocations=25 (full 4):
 PSYoungGen      total 452096K, used 14643K [0x00000000d5580000, 0x00000000f3a80000, 0x0000000100000000)
  eden space 408576K, 0% used [0x00000000d5580000,0x00000000d5580000,0x00000000ee480000)
  from space 43520K, 33% used [0x00000000ee480000,0x00000000ef2ccc20,0x00000000f0f00000)
  to   space 43008K, 0% used [0x00000000f0f00000,0x00000000f0f00000,0x00000000f3900000)
 ParOldGen       total 290304K, used 99640K [0x0000000080000000, 0x0000000091b80000, 0x00000000d5580000)
  object space 290304K, 34% used [0x0000000080000000,0x000000008614e3e8,0x0000000091b80000)
 Metaspace       used 100134K, capacity 104590K, committed 106408K, reserved 1140736K
  class space    used 13168K, capacity 14085K, committed 14504K, reserved 1048576K
}
Event: 76.910 GC heap before
{Heap before GC invocations=26 (full 4):
 PSYoungGen      total 452096K, used 423219K [0x00000000d5580000, 0x00000000f3a80000, 0x0000000100000000)
  eden space 408576K, 100% used [0x00000000d5580000,0x00000000ee480000,0x00000000ee480000)
  from space 43520K, 33% used [0x00000000ee480000,0x00000000ef2ccc20,0x00000000f0f00000)
  to   space 43008K, 0% used [0x00000000f0f00000,0x00000000f0f00000,0x00000000f3900000)
 ParOldGen       total 290304K, used 99640K [0x0000000080000000, 0x0000000091b80000, 0x00000000d5580000)
  object space 290304K, 34% used [0x0000000080000000,0x000000008614e3e8,0x0000000091b80000)
 Metaspace       used 100768K, capacity 105414K, committed 106920K, reserved 1142784K
  class space    used 13247K, capacity 14165K, committed 14504K, reserved 1048576K
Event: 76.924 GC heap after
Heap after GC invocations=26 (full 4):
 PSYoungGen      total 457216K, used 3645K [0x00000000d5580000, 0x00000000f8300000, 0x0000000100000000)
  eden space 414208K, 0% used [0x00000000d5580000,0x00000000d5580000,0x00000000eea00000)
  from space 43008K, 8% used [0x00000000f0f00000,0x00000000f128f6f0,0x00000000f3900000)
  to   space 37888K, 0% used [0x00000000eea00000,0x00000000eea00000,0x00000000f0f00000)
 ParOldGen       total 290304K, used 110870K [0x0000000080000000, 0x0000000091b80000, 0x00000000d5580000)
  object space 290304K, 38% used [0x0000000080000000,0x0000000086c45880,0x0000000091b80000)
 Metaspace       used 100768K, capacity 105414K, committed 106920K, reserved 1142784K
  class space    used 13247K, capacity 14165K, committed 14504K, reserved 1048576K
}

Deoptimization events (10 events):
Event: 76.425 Thread 0x000000001c5b7800 Uncommon trap: reason=bimorphic action=maybe_recompile pc=0x0000000003094794 method=org.gradle.internal.fingerprint.impl.DefaultFileSystemLocationFingerprint.<init>(Ljava/lang/String;Lorg/gradle/internal/snapshot/CompleteFileSystemLocationSnapshot;)V @ 3
Event: 76.425 Thread 0x000000001c5b7800 Uncommon trap: reason=bimorphic action=maybe_recompile pc=0x0000000003094794 method=org.gradle.internal.fingerprint.impl.DefaultFileSystemLocationFingerprint.<init>(Ljava/lang/String;Lorg/gradle/internal/snapshot/CompleteFileSystemLocationSnapshot;)V @ 3
Event: 77.558 Thread 0x000000001c5b5800 Uncommon trap: reason=unstable_if action=reinterpret pc=0x0000000005854914 method=com.android.tools.r8.ir.analysis.type.t.a(Lcom/android/tools/r8/u/b/m1;Lcom/android/tools/r8/ir/analysis/type/u;)V @ 83
Event: 77.593 Thread 0x000000001c5b5800 Uncommon trap: reason=unstable_if action=reinterpret pc=0x00000000059a8a68 method=com.android.tools.r8.ir.regalloc.a.a(Lcom/android/tools/r8/ir/regalloc/a$a;Z)Lcom/android/tools/r8/ir/regalloc/a$a; @ 583
Event: 77.819 Thread 0x000000001c5b7800 Uncommon trap: reason=unstable_if action=reinterpret pc=0x00000000035b221c method=java.util.concurrent.ConcurrentHashMap.get(Ljava/lang/Object;)Ljava/lang/Object; @ 86
Event: 77.819 Thread 0x000000001c5b7800 Uncommon trap: reason=unstable_if action=reinterpret pc=0x0000000003166af0 method=java.util.concurrent.ConcurrentHashMap.putVal(Ljava/lang/Object;Ljava/lang/Object;Z)Ljava/lang/Object; @ 152
Event: 77.827 Thread 0x000000001c5b7800 Uncommon trap: reason=bimorphic action=maybe_recompile pc=0x00000000047caf14 method=java.util.Hashtable.addEntry(ILjava/lang/Object;Ljava/lang/Object;I)V @ 38
Event: 77.827 Thread 0x000000001c5b7800 Uncommon trap: reason=bimorphic action=maybe_recompile pc=0x00000000047caf14 method=java.util.Hashtable.addEntry(ILjava/lang/Object;Ljava/lang/Object;I)V @ 38
Event: 77.828 Thread 0x000000001c5b7800 Uncommon trap: reason=bimorphic action=maybe_recompile pc=0x00000000047caf14 method=java.util.Hashtable.addEntry(ILjava/lang/Object;Ljava/lang/Object;I)V @ 38
Event: 77.828 Thread 0x000000001c5b7800 Uncommon trap: reason=bimorphic action=maybe_recompile pc=0x00000000047caf14 method=java.util.Hashtable.addEntry(ILjava/lang/Object;Ljava/lang/Object;I)V @ 38

Classes redefined (0 events):
No events

Internal exceptions (10 events):
Event: 75.870 Thread 0x000000002d43f800 Exception <a 'sun/nio/fs/WindowsException'> (0x00000000d8548680) thrown at [C:\src\AOSP-openjdk-git\hotspot\src\share\vm\prims\jni.cpp, line 710]
Event: 75.925 Thread 0x000000002d43f800 Exception <a 'sun/nio/fs/WindowsException'> (0x00000000d8550990) thrown at [C:\src\AOSP-openjdk-git\hotspot\src\share\vm\prims\jni.cpp, line 710]
Event: 75.926 Thread 0x000000002d43f800 Exception <a 'sun/nio/fs/WindowsException'> (0x00000000d855bf48) thrown at [C:\src\AOSP-openjdk-git\hotspot\src\share\vm\prims\jni.cpp, line 710]
Event: 76.197 Thread 0x000000002d43e800 Exception <a 'sun/nio/fs/WindowsException'> (0x00000000de3a1050) thrown at [C:\src\AOSP-openjdk-git\hotspot\src\share\vm\prims\jni.cpp, line 710]
Event: 76.309 Thread 0x000000002d447000 Implicit null exception at 0x000000000364592f to 0x0000000003645a21
Event: 76.456 Thread 0x000000001c5b7800 Exception <a 'sun/nio/fs/WindowsException'> (0x00000000d58e8930) thrown at [C:\src\AOSP-openjdk-git\hotspot\src\share\vm\prims\jni.cpp, line 710]
Event: 76.457 Thread 0x000000001c5b7800 Exception <a 'sun/nio/fs/WindowsException'> (0x00000000d58e91b0) thrown at [C:\src\AOSP-openjdk-git\hotspot\src\share\vm\prims\jni.cpp, line 710]
Event: 76.457 Thread 0x000000001c5b7800 Exception <a 'sun/nio/fs/WindowsException'> (0x00000000d58eab80) thrown at [C:\src\AOSP-openjdk-git\hotspot\src\share\vm\prims\jni.cpp, line 710]
Event: 76.521 Thread 0x000000002d44a000 Exception <a 'sun/nio/fs/WindowsException'> (0x00000000e3db8be8) thrown at [C:\src\AOSP-openjdk-git\hotspot\src\share\vm\prims\jni.cpp, line 710]
Event: 77.486 Thread 0x000000001f556800 Exception <a 'sun/nio/fs/WindowsException'> (0x00000000e5266680) thrown at [C:\src\AOSP-openjdk-git\hotspot\src\share\vm\prims\jni.cpp, line 710]

Events (10 events):
Event: 78.067 loading class org/bouncycastle/crypto/params/DSAPublicKeyParameters
Event: 78.067 loading class org/bouncycastle/crypto/params/DSAPublicKeyParameters done
Event: 78.068 loading class org/bouncycastle/crypto/params/DSAKeyParameters
Event: 78.068 loading class org/bouncycastle/crypto/params/DSAKeyParameters done
Event: 78.069 loading class org/bouncycastle/crypto/params/DSAPrivateKeyParameters
Event: 78.069 loading class org/bouncycastle/crypto/params/DSAPrivateKeyParameters done
Event: 78.071 loading class org/bouncycastle/jcajce/provider/asymmetric/DH$Mappings
Event: 78.071 loading class org/bouncycastle/jcajce/provider/asymmetric/DH$Mappings done
Event: 78.072 loading class org/bouncycastle/jcajce/provider/asymmetric/dh/KeyFactorySpi
Event: 78.072 loading class org/bouncycastle/jcajce/provider/asymmetric/dh/KeyFactorySpi done


Dynamic libraries:
0x00007ff651d70000 - 0x00007ff651da1000 	C:\installed\AndroidStudio\jre\bin\java.exe
0x00007fff86150000 - 0x00007fff86346000 	C:\WINDOWS\SYSTEM32\ntdll.dll
0x00007fff853a0000 - 0x00007fff8545d000 	C:\WINDOWS\System32\KERNEL32.DLL
0x00007fff83e70000 - 0x00007fff84138000 	C:\WINDOWS\System32\KERNELBASE.dll
0x00007fff850e0000 - 0x00007fff8518a000 	C:\WINDOWS\System32\ADVAPI32.dll
0x00007fff858d0000 - 0x00007fff8596e000 	C:\WINDOWS\System32\msvcrt.dll
0x00007fff84a70000 - 0x00007fff84b0b000 	C:\WINDOWS\System32\sechost.dll
0x00007fff84b90000 - 0x00007fff84cb4000 	C:\WINDOWS\System32\RPCRT4.dll
0x00007fff84e70000 - 0x00007fff85010000 	C:\WINDOWS\System32\USER32.dll
0x00007fff83a10000 - 0x00007fff83a32000 	C:\WINDOWS\System32\win32u.dll
0x00007fff85290000 - 0x00007fff852ba000 	C:\WINDOWS\System32\GDI32.dll
0x00007fff83900000 - 0x00007fff83a09000 	C:\WINDOWS\System32\gdi32full.dll
0x00007fff83c20000 - 0x00007fff83cbd000 	C:\WINDOWS\System32\msvcp_win.dll
0x00007fff83cc0000 - 0x00007fff83dc0000 	C:\WINDOWS\System32\ucrtbase.dll
0x00007fff70ab0000 - 0x00007fff70d4b000 	C:\WINDOWS\WinSxS\amd64_microsoft.windows.common-controls_6595b64144ccf1df_6.0.19041.488_none_ca04af081b815d21\COMCTL32.dll
0x00007fff85200000 - 0x00007fff85230000 	C:\WINDOWS\System32\IMM32.DLL
0x00000000720b0000 - 0x0000000072182000 	C:\installed\AndroidStudio\jre\jre\bin\msvcr100.dll
0x0000000070100000 - 0x000000007094b000 	C:\installed\AndroidStudio\jre\jre\bin\server\jvm.dll
0x00007fff84a00000 - 0x00007fff84a08000 	C:\WINDOWS\System32\PSAPI.DLL
0x00007fff7ce40000 - 0x00007fff7ce4a000 	C:\WINDOWS\SYSTEM32\VERSION.dll
0x00007fff70df0000 - 0x00007fff70df9000 	C:\WINDOWS\SYSTEM32\WSOCK32.dll
0x00007fff5c1c0000 - 0x00007fff5c1e7000 	C:\WINDOWS\SYSTEM32\WINMM.dll
0x00007fff85190000 - 0x00007fff851fb000 	C:\WINDOWS\System32\WS2_32.dll
0x00007fff7ebe0000 - 0x00007fff7ebef000 	C:\installed\AndroidStudio\jre\jre\bin\verify.dll
0x00007fff7e060000 - 0x00007fff7e089000 	C:\installed\AndroidStudio\jre\jre\bin\java.dll
0x00007fff7b020000 - 0x00007fff7b036000 	C:\installed\AndroidStudio\jre\jre\bin\zip.dll
0x00007fff85970000 - 0x00007fff860b0000 	C:\WINDOWS\System32\SHELL32.dll
0x00007fff818b0000 - 0x00007fff82044000 	C:\WINDOWS\SYSTEM32\windows.storage.dll
0x00007fff84510000 - 0x00007fff84865000 	C:\WINDOWS\System32\combase.dll
0x00007fff83240000 - 0x00007fff8326c000 	C:\WINDOWS\SYSTEM32\Wldp.dll
0x00007fff841c0000 - 0x00007fff8426e000 	C:\WINDOWS\System32\SHCORE.dll
0x00007fff84a10000 - 0x00007fff84a65000 	C:\WINDOWS\System32\shlwapi.dll
0x00007fff837d0000 - 0x00007fff837f6000 	C:\WINDOWS\SYSTEM32\profapi.dll
0x00007fff7b000000 - 0x00007fff7b01a000 	C:\installed\AndroidStudio\jre\jre\bin\net.dll
0x00007fff83030000 - 0x00007fff8309a000 	C:\WINDOWS\system32\mswsock.dll
0x00007fff7ad00000 - 0x00007fff7ad13000 	C:\installed\AndroidStudio\jre\jre\bin\nio.dll
0x00007fff6e810000 - 0x00007fff6e836000 	C:\Users\manas\.gradle\native\31\windows-amd64\native-platform.dll
0x00007fff7eb00000 - 0x00007fff7eb0d000 	C:\installed\AndroidStudio\jre\jre\bin\management.dll
0x00007fff83280000 - 0x00007fff83298000 	C:\WINDOWS\SYSTEM32\CRYPTSP.dll
0x00007fff82970000 - 0x00007fff829a4000 	C:\WINDOWS\system32\rsaenh.dll
0x00007fff83a40000 - 0x00007fff83a67000 	C:\WINDOWS\System32\bcrypt.dll
0x00007fff83790000 - 0x00007fff837be000 	C:\WINDOWS\SYSTEM32\USERENV.dll
0x00007fff84140000 - 0x00007fff841bf000 	C:\WINDOWS\System32\bcryptprimitives.dll
0x00007fff831b0000 - 0x00007fff831bc000 	C:\WINDOWS\SYSTEM32\CRYPTBASE.dll
0x00007fff82cf0000 - 0x00007fff82d2b000 	C:\WINDOWS\SYSTEM32\IPHLPAPI.DLL
0x00007fff84310000 - 0x00007fff84319000 	C:\WINDOWS\System32\NSI.dll
0x00007fff7af50000 - 0x00007fff7af67000 	C:\WINDOWS\SYSTEM32\dhcpcsvc6.DLL
0x00007fff7b250000 - 0x00007fff7b26d000 	C:\WINDOWS\SYSTEM32\dhcpcsvc.DLL
0x00007fff82d30000 - 0x00007fff82dfb000 	C:\WINDOWS\SYSTEM32\DNSAPI.dll
0x00007fff700d0000 - 0x00007fff700f4000 	C:\installed\AndroidStudio\jre\jre\bin\sunec.dll
0x00007fff72b50000 - 0x00007fff72b5a000 	C:\Windows\System32\rasadhlp.dll
0x00007fff7b280000 - 0x00007fff7b2ff000 	C:\WINDOWS\System32\fwpuclnt.dll
0x00007fff7e190000 - 0x00007fff7e19b000 	C:\installed\AndroidStudio\jre\jre\bin\sunmscapi.dll
0x00007fff83ac0000 - 0x00007fff83c1d000 	C:\WINDOWS\System32\CRYPT32.dll

VM Arguments:
jvm_args: -Xmx2048m -Dfile.encoding=windows-1252 -Duser.country=NZ -Duser.language=en -Duser.variant 
java_command: org.gradle.launcher.daemon.bootstrap.GradleDaemon 6.1.1
java_class_path (initial): C:\Users\manas\.gradle\wrapper\dists\gradle-6.1.1-all\cfmwm155h49vnt3hynmlrsdst\gradle-6.1.1\lib\gradle-launcher-6.1.1.jar
Launcher Type: SUN_STANDARD

Environment Variables:
JAVA_HOME=C:\Program Files\Java\jdk-11.0.4
PATH=C:\Python38\Scripts\;C:\Python38\;C:\Program Files (x86)\Microsoft SDKs\Azure\CLI2\wbin;C:\Program Files (x86)\Python\Scripts\;C:\Program Files (x86)\Python\;C:\Program Files (x86)\Common Files\Oracle\Java\javapath;C:\WINDOWS\system32;C:\WINDOWS;C:\WINDOWS\System32\Wbem;C:\WINDOWS\System32\WindowsPowerShell\v1.0\;C:\WINDOWS\System32\OpenSSH\;C:\Program Files\Microsoft VS Code\bin;P:\installed\apache-maven-3.6.1\bin;C:\Program Files\Java\jdk1.8.0_201;C:\Program Files\PostgreSQL\12\bin;C:\Program Files\PostgreSQL\12\lib;C:\Program Files\Microsoft SQL Server\130\Tools\Binn\;C:\Program Files\Microsoft SQL Server\Client SDK\ODBC\170\Tools\Binn\;C:\Go\bin;W:\Flutter\sdk\flutter;C:\Program Files\heroku\bin;C:\Program Files\nodejs\;C:\ProgramData\chocolatey\bin;C:\Program Files\Java\jdk1.8.0_201\bin;C:\Program Files\dotnet\;C:\Program Files\Amazon\AWSCLI\bin\;C:\Program Files\PuTTY\;P:\installed\Git\cmd;C:\Program Files (x86)\Microsoft SQL Server\150\Tools\Binn\;C:\Program Files\Microsoft SQL Server\150\Tools\Binn\;C:\Program Files\Microsoft SQL Server\150\DTS\Binn\;C:\Program Files\Docker\Docker\resources\bin;C:\ProgramData\DockerDesktop\version-bin;C:\Users\manas\AppData\Roaming\npm;C:\Program Files\heroku\bin;C:\Users\manas\AppData\Local\Microsoft\WindowsApps;C:\Users\manas\AppData\Local\GitHubDesktop\bin
USERNAME=manas
OS=Windows_NT
PROCESSOR_IDENTIFIER=Intel64 Family 6 Model 142 Stepping 10, GenuineIntel



---------------  S Y S T E M  ---------------

OS: Windows 10.0 , 64 bit Build 19041 (10.0.19041.546)

CPU:total 8 (initial active 8) (4 cores per cpu, 2 threads per core) family 6 model 142 stepping 10, cmov, cx8, fxsr, mmx, sse, sse2, sse3, ssse3, sse4.1, sse4.2, popcnt, avx, avx2, aes, clmul, erms, 3dnowpref, lzcnt, ht, tsc, tscinvbit, bmi1, bmi2, adx

Memory: 4k page, physical 20878564k(1267772k free), swap 51340596k(5336k free)

vm_info: OpenJDK 64-Bit Server VM (25.242-b01) for windows-amd64 JRE (1.8.0_242-release-1644-b01), built by "builder" with MS VC++ 10.0 (VS2010)

time: Sat Oct 24 04:05:16 2020
timezone: New Zealand Daylight Time
elapsed time: 78 seconds (0d 0h 1m 18s)

